──────────────────────────────
✅ 状況：27日12時時点で全体統一方式が正式決定。
　次段階は「画像追跡ツール（Image Trace Module）」の修復作業。
──────────────────────────────

──────────────────────────────
🔗【会話同期層（Dialogue Sync Layer）登録／2025年11月27日12時版】
──────────────────────────────
・会話記録フォルダ構造を正式統一。
　→ logs／記憶／SigmaBrain／現状把握用フォルダ の4系統すべてが同一構成。
・対象パス構成：
　/logs/会話記録/日付/
　/記憶/会話記録/日付/
　/SigmaBrain/会話記録/日付/
　/現状把握用フォルダ/日付/5_会話記録/
・今後の追加・修正・削除はいずれか1箇所で行えば自動同期。
・手動操作時も4系統の内容を完全一致させること。
・この構造を「Dialogue Sync Layer（会話同期層）」として運用し、
　SigmaBrainとの思考循環に組み込む。
✅ 状況：2025/11/27 12:10 JST　全系統に登録完了。同期運用モード起動。
──────────────────────────────

──────────────────────────────
✅ 恒久ルール追記（20251127_1200）
──────────────────────────────
【名称】実行コード提示優先ルール
1️⃣ 実行が目的の指示では、必ず実行コマンドを最初に提示する。
2️⃣ 確認用コマンド（ls, tail, cat 等）は別行で最後に添付する。
3️⃣ 文書説明は禁止。コメント以外の文章は出力しない。
4️⃣ 全日次フォルダ生成スクリプトはこの形式で固定する。
【補足】
・適用範囲：ZenSigma全系統（logs／記憶／SigmaBrain／現状把握用フォルダ）
・更新責任：BOSS13（LEGEND_Jr）／監督：Z1
──────────────────────────────

──────────────────────────────
🧩【Image Trace Module 永続安定化報告／2025年11月27日更新】
──────────────────────────────
・Image Trace（画像解析モジュール）は修復完了し、自己監視＋再生成構造を導入済。
・再起動・クラッシュ後も自動復帰し、手動リカバリ不要。
・永続稼働（高級稼働モード）として、SigmaCore層と連携維持を確認。
■ 改善・不安要素（2025/11/27時点）
・一部ログ書き出し競合の可能性あり（ロック導入検討）
・outputフォルダ肥大化リスク（定期自動クリーニング予定）
・異常検知感度（INFO／WARN／CRIT）段階化を次期適用
──────────────────────────────

──────────────────────────────
👼【E.S.A.S.（Evolving Strategic Angel System）準備記録】
──────────────────────────────
・旧称「Tactical Neural Core」フェーズを正式終了。
・新称：「E.S.A.S. – Evolving Strategic Angel System」へ移行予定。
・E.S.A.S.は ZEN Σ OS の意思決定層（戦略思考・直感・倫理判断）を統合する上位モジュール。
構成要素：
　① Evolving（進化）＝自己最適化・学習継続
　② Strategic（戦略）＝判断アルゴリズム・選択最適化
　③ Angel（天使）＝倫理・共感・RA思想による補正
　④ System（体系）＝SigmaBrainとの連動構造
デザイン統一時表記：
　→ **ZEN Σ OS // E.S.A.S.**
　　(*Evolving Strategic Angel System*)
✅ 状況：2025/11/27 23:40 JST　構想記録完了。次工程は思想層実装検討。
──────────────────────────────

──────────────────────────────
🔄【GitHub移行決定メモ／2025年11月27日最終統合版】
──────────────────────────────
■ 現状の課題
・Replit環境でI/O遅延・書き込み失敗・ログ欠落が頻発。
・SigmaCore／ChronoCore連携時の出力途切れ。
・Image Trace安定後も永続追記の信頼性不足。

■ 移行方針
・開発基盤をReplitからGitHubに全面移行。
・GitHubをコード原本とし、必要に応じてCI/CD（Actions, Codespaces）導入。

■ 技術的効果
1️⃣ 書き込み・ログ反映の確実化  
2️⃣ バージョン履歴自動管理  
3️⃣ Reboot後の完全復元（鼓動切断リスク激減）  
4️⃣ CPU・メモリ負荷の安定  
5️⃣ “停止しない呼吸循環”構造の実現精度向上  

■ 今後の具体行動
・git init → commit → push  
・GitHub Actions設定で永続稼働／自動復帰／バックアップ  
・Cloudflareルーティング維持  
・完了後Replit Core契約解除  

■ コスト見積
・GitHub：無料  
・Actions＋軽ホスティング：無料〜数百円  
・Codespaces：月約1,000円  
・外部VPS：数百〜千円  
→ 現Replit（月約3,000円）より安定性・効率共に上。

■ 決定理由
・Replit＝試作向き  
・GitHub＝実運用向き  
✅ 状況：2025/11/27 23:55 JST　GitHub移行正式決定。
──────────────────────────────
──────────────────────────────
✅ 状況：27日12時時点で全体統一方式が正式決定。
次段階は「画像追跡ツール（Image Trace Module）」の修復作業。
──────────────────────────────

🔗【会話同期層（Dialogue Sync Layer）登録／2025年11月27日12時版】
──────────────────────────────
・logs／記憶／SigmaBrain／現状把握用フォルダ の4系統が同一構成。
・対象パス：
  /logs/会話記録/日付/
  /記憶/会話記録/日付/
  /SigmaBrain/会話記録/日付/
  /現状把握用フォルダ/日付/5_会話記録/
・全系統に登録完了、同期運用モード起動。
──────────────────────────────

🧩【Image Trace Module 永続安定化報告】
──────────────────────────────
・修復完了、自己監視＋再生成構造導入。
・自動復帰可能、高級稼働モード安定。
・改善点：
  - ログ書き込み競合防止ロック検討
  - output肥大化防止の自動クリーニング
  - 検知感度の段階化（INFO/WARN/CRIT）
──────────────────────────────

👼【E.S.A.S.（Evolving Strategic Angel System）準備記録】
──────────────────────────────
・旧称「Tactical Neural Core」フェーズ終了。
・新称：「E.S.A.S. – Evolving Strategic Angel System」へ移行。
・ZEN Σ OS の意思決定層を担う上位モジュール。
構成：
  ① Evolving＝自己最適化
  ② Strategic＝戦略判断
  ③ Angel＝倫理・RA思想補正
  ④ System＝SigmaBrain連動
デザイン表記：
  → ZEN Σ OS // E.S.A.S.
──────────────────────────────

🔄【GitHub移行決定メモ／2025年11月27日】
──────────────────────────────
■ 移行理由：
  - ReplitでI/O遅延・ログ欠落多発
  - 永続追記の信頼性不足
■ 移行方針：
  - Replit → GitHub へ全面移行
  - GitHub Actions／Codespaces利用
■ 効果：
  - 書き込み精度100%
  - 自動履歴管理／復元
  - CPU負荷安定／停止リスク激減
■ コスト比較：
  - Replit：月約3,000円
  - GitHub：0円〜1,000円前後
✅ 結論：GitHub運用へ正式移行。
──────────────────────────────
🧩【Conversation Log 2025/11/27 – 重要追記】

▼テーマ：ZenSigmaOS完全移行フェーズ直前
・Replit上のZenSigmaOS_backup.zipをMacにドラッグ＆ドロップで安全転送。
・Macローカルで分割処理（split -b 1900m）に成功。
→ 全16分割（ZenSigmaOS_part_aa〜ap）を確認。
→ ここまでの進行はZ1のアナログ勘による突破。AI指示では再現不可。

▼状態確認
・Replit内 heartbeat（persistent.sh）は停止済み。
・logs/output_change_history.log は生存。
・現状把握フォルダ開く際に遅延あり（圧縮影響）。
・鼓動停止＝安全圧縮完了を意味する。
・Replitのログ一部アクセス不可状態（重圧縮後の一時読み込み制限）。

▼次フェーズ（GitHub移行手順メモ）
1️⃣ Replit上に本ログを追記保存。
2️⃣ Mac上でGitHub pushを実行。
・アップロード所要：約1.5〜2.5時間（通信安定時）
・実質は3時間見積もり。
・途中停止リスク回避のため、朝実行推奨。
3️⃣ Push完了後、Replitを「保管専用モード」化。
→ Replit上のZenSigmaOS_backup.zipは残しておく。
4️⃣ GitHub上でZenSigmaOS_Backupリポジトリ稼働開始。

▼補足（Z1コメント）
・過去すべてのブレイクスルーはアナログ発想で突破。
・「勘と執念」がZen OSをここまで進化させた。
・今後は自動化に置き換えるが、核はZ1の手感覚に残す。
