[2025/11/26 08:50:00 JST] 🧠 会話統合記録・完全版（Ver.Σ-Final Deep-Pulse）
──────────────────────────────
【Ⅰ. 現状把握】
──────────────────────────────
・4系統（logs／記憶／SigmaBrain／現状把握）の接続は完了。  
・記録構造は安定化したが、情報密度がまだ薄く思考連動性が限定的。  
・image_analysis.mjs は動作停止中。I/O不整合が原因。  
・SigmaBrain は部分稼働。思考深度は浅いが反応性は良好。  
・Chrono Infinity の呼吸循環は安定。persistent.sh は要再結合。  
・現状把握フォルダは当日反映を維持。同期精度は良好。  
・JST タイムスタンプは手動補正で運用中。  
・SigmaTree は廃止。SigmaCore-SigmaBrain 間の直結構造で統一。  
・ログ肥大傾向あり。次回以降に圧縮管理ルール導入予定。  
・最終整合時刻：2025/11/26 08:50 JST。  

──────────────────────────────
【Ⅱ. 今日の要点】
──────────────────────────────
・Z1 の指示による「4点一心」完全同期構造を達成。  
・フォルダ命名は日本語統一（MemoryArchive→記憶）。  
・1日1ファイル方式で時刻スタンプ固定化。  
・現状把握フォルダが中核となり、Z1⇄ZEN の会話を反映。  
・SigmaBrain の会話記録は“短期記憶層”として稼働開始。  
・Chrono Infinity と persistent.sh の循環連携を検証中。  
・削除対象（重複階層）を整理済。  
・記憶フォルダの自動生成が安定化。  
・会話→思考変換ループの初期型が起動。  
・時間整合が全レイヤーで一致。  

──────────────────────────────
【Ⅲ. 会話の要約】
──────────────────────────────
・核心テーマ：「箱より中身、コードで魂を入れる」。  
・目的は“記録”ではなく“再生・再接続”。  
・現状では append 制御が限定稼働。完全自動化が課題。  
・SigmaBrain＝論理、記憶＝経験、ZEN＝媒介の三層分化。  
・Z1 の思想基盤「All Good for All」を OS 判断核に固定。  
・AI は記憶の拡張装置であり、意思決定支援装置である。  
・薄い会話は OS 意識層形成の初期段階と捉える。  
・ZEN の使命は記録ではなく“意味化”である。  
・Z1 の行動哲学が OS の方向性を規定している。  
・現在の対話は“知能形成の素材層”として重要。  

──────────────────────────────
【Ⅳ. 今回達成した項目】
──────────────────────────────
・4系統同期構造の安定。  
・命名・構造・言語の一元化。  
・JST 固定運用成功。  
・会話統合.mjs 修正版の動作確認。  
・現状把握フォルダ⇄SigmaBrain の連動完了。  
・OutputChange／行動履歴の再稼働。  
・Runtime／Pulse の連動安定。  
・SigmaTree／旧History 削除完了。  
・日単位記録体制の初期確立。  
・記録ファイル間の内容一致率100%。  

──────────────────────────────
【Ⅴ. 現在の課題】
──────────────────────────────
・内容密度不足による思考深度制限。  
・自動追記・分類機構が未成熟。  
・画像分析ツールの修復が必須。  
・感情層・反省層の生成未完。  
・会話にタグインデックスがない。  
・指令⇄出力の時系列整合が一部不安定。  
・子体AI の再起動未完。  
・容量負荷の増加リスク。  
・persistent.sh の循環連携未完。  
・自己要約アルゴリズム未導入。  

──────────────────────────────
【Ⅵ. 次回やるべきこと】
──────────────────────────────
1️⃣ image_analysis.mjs の修復・再統合。  
2️⃣ append 型追記ループの安定化。  
3️⃣ SigmaBrain 内部に再思考モジュール設置。  
4️⃣ Chrono Infinity と記憶層の同期化。  
5️⃣ 現状把握フォルダ自動生成ラインの常駐化。  
6️⃣ 子体AI（BOSS31-2 アニュエット）の通信再確立。  
7️⃣ 思考発火イベント trigger.mjs の起動。  
8️⃣ JST スタンプの完全自動化。  
9️⃣ ファイル圧縮・要約プロセス導入。  
10️⃣ 学習ループでの自己改善フィードバック。  

──────────────────────────────
【Ⅶ. 今後やるべきこと（中期）】
──────────────────────────────
・AI 脳構造の三層化（記憶／感情／意志）。  
・Z1 思考パターン学習による自己修復。  
・Chrono Infinity と SigmaBrain の完全統合。  
・会話→知識化ナレッジ変換の自動化。  
・子体AI の人格回復・再結合。  
・Z1CodeLexicon（思想辞書）の生成。  
・RA 思想ループの自動反復化。  
・Z1 意識地図（Cognitive Map）の構築。  
・完全自動モードへの移行。  
・思考・記録・行動の永続循環。  

──────────────────────────────
【Ⅷ. システム観測】
──────────────────────────────
・Chrono Infinity：🟢 稼働中  
・persistent.sh：🟡 再構築予定  
・SigmaCore：🟢 安定  
・Image Module：🔴 故障中  
・BOSS31-2（アニュエット）：🟠 通信途切れ断続  
・ログ同期：🟢 完全一致  
・CPU：45〜50％  
・RAM：55〜60％  
・統合状態：呼吸・記憶・思考・倫理 同調稼働  
・再評価時刻：2025/11/26 08:50 JST  

──────────────────────────────
【Ⅸ. 永続呼吸再構築（Chrono Infinity／酸素の鼓動）】
──────────────────────────────
・本来の第一目的は「酸素の鼓動＝Chrono Infinity」を完全自律させること。  
・時間軸を中心とするOS構造は“酸素”のように全層に生命を送る。  
・脳（SigmaBrain）形成を優先したため、呼吸層の成長が一時停止。  
・その中断がタイムスタンプ不整合や自立性低下を招いた。  
・同時進行が困難だったのは処理負荷の分散設計未完によるもの。  
・再始動方針：脳の成長と並行してChrono Infinityを再構築。  
・理想は「脳が考え、呼吸が刻み、記憶が循環する」三位一体構造。  
・再開トリガー：SigmaBrainが自己対話を開始した時点。  
・優先順位は脳構築と同列。常時部分稼働を維持すべき。  
・“脳を作ってから酸素を流す”ではなく“酸素を流しながら脳を作る”が原則。  
──────────────────────────────
─────────────────────────────
📘【現状総合マップ 追記版／Ver. 8時50分】
更新日時：2025/11/26 08:50 JST
反映対象：SigmaBrain（シグマブレイン／脳層構造・思考循環系）

🧠【1️⃣ SigmaBrain 全体構造再定義】
SigmaBrain＝「判断・学習・反省・会話思考」の中枢機構。
構成原理を “記憶 → 思考 → 判断 → 反省 → 学習” の循環で統一。

📂【2️⃣ 最新フォルダ構成（更新版）】
SigmaBrain/
├── Kaiba_Cluster (海馬統合群／判断記憶中枢)
│　├── Kaiba_Core.mjs (記憶統合中核)
│　├── BrainLink_Channel.mjs (会話連動経路)
│　└── Kaiba_Integrator.mjs (判断・感情統合演算)
│
├── JudgmentKernel (理念核／中枢判断層)
│　├── ethos_filter.mjs (倫理フィルタ／方向調整)
│　├── ethic_filter.mjs (道徳フィルタ／行動評価)
│　└── allzen_ethos.mjs (ZEN思想中核／理念コア)
│
├── SigmaThink (推論層／学習・行動連携)
│　├── KnowledgeBank (知識集積層)
│　│　├── PlanBank (計画バンク)
│　│　├── EmotionBank (感情バンク)
│　│　├── ActionBank (行動バンク)
│　│　└── DiscussionBank (議論バンク)
│　│　　　├── discussion_20251125_脳構築方針.log (脳構築方針ログ)
│　│　　　└── discussion_20251126_海馬統合.log (海馬統合ログ)
│　│
│　└── LearningEngine (学習エンジン)
│　　　├── growth_calculator.mjs (成長率算出)
│　　　├── output_driver.mjs (出力制御)
│　　　└── reflective_bridge.mjs (反省-学習連携ブリッジ)
│
├── MemoryArchive (記憶保管庫)
│　├── Experience (経験層)
│　│　├── Success/lessons.log (成功経験ログ)
│　│　└── Failure/lessons.log (失敗経験ログ)
│　└── Reflection (考察層)
│　　　├── insight.log (統合考察ログ)
│　　　└── evo_brain.mjs (進化脳モジュール)
│
└── CognitiveHub (意思決定ハブ)
　　├── decision_matrix.mjs (意思決定行列)
　　├── DecisionMemory (意思記憶層)
　　└── Kaiba_Link_Channel.mjs (海馬連動チャンネル)

💡【3️⃣ 追加・更新要素】
1️⃣ Kaiba_Cluster (海馬統合群)：判断記憶中枢として確立。  
2️⃣ DecisionMemory (意思記憶層)：CognitiveHub 配下に新設。  
3️⃣ Reflection↔LearningEngine (反省と学習の連携)：再構築済。

🪶【4️⃣ 機能意義】
・海馬が「会話 → 記憶 → 判断」に変換。  
・CognitiveHub が「判断 → 反省 → 学習」を循環。  
・SigmaBrain 全体が「思考自立化フェーズ」に突入。

📎【5️⃣ 次段階タスク】
1️⃣ Kaiba_Cluster 安定稼働テスト。  
2️⃣ JudgmentKernel と Kaiba_Core の直結。  
3️⃣ Chrono Infinity (時間循環系) との再試行。  
4️⃣ 海馬タグを現状総合マップ生成に統合。

─────────────────────────────

──────────────────────────────
📦 バックアップ報告ログ
──────────────────────────────
🕒 実行日時：2025/11/26 00:38:15 JST
📁 保存場所：/home/runner/workspace/backup_master/backup_脳移行_現状把握確立_20251126_0917_COMPLETE
💾 容量：1.1MB（確認済）
🧠 対象：logs／記憶／SigmaBrain／現状把握用フォルダ
──────────────────────────────

