[Action-THINK-4084] 2025/11/25 13:28:38
[Action-RECORD-4085] 2025/11/25 13:28:41
[Action-REFLECT-4086] 2025/11/25 13:28:44
[Action-CORRECT-4087] 2025/11/25 13:28:47
[Action-SYNC-4088] 2025/11/25 13:28:50
[Action-THINK-4089] 2025/11/25 13:28:53
[Action-RECORD-4090] 2025/11/25 13:28:56
[Action-REFLECT-4091] 2025/11/25 13:28:59
[Action-CORRECT-4092] 2025/11/25 13:29:02
[Action-SYNC-4093] 2025/11/25 13:29:05
[Action-THINK-4094] 2025/11/25 13:29:08
[Action-RECORD-4095] 2025/11/25 13:29:11
[Action-REFLECT-4096] 2025/11/25 13:29:14
[Action-CORRECT-4097] 2025/11/25 13:29:17
[Action-SYNC-4098] 2025/11/25 13:29:20
[Action-THINK-4099] 2025/11/25 13:29:23
[Action-RECORD-4100] 2025/11/25 13:29:26
[Action-REFLECT-4101] 2025/11/25 13:29:29
[Action-CORRECT-4102] 2025/11/25 13:29:32
[Action-SYNC-4103] 2025/11/25 13:29:35
