[Action-THINK-24] 2025/11/27 21:52:41
[Action-RECORD-25] 2025/11/27 21:52:44
[Action-REFLECT-26] 2025/11/27 21:52:47
[Action-CORRECT-27] 2025/11/27 21:52:50
[Action-SYNC-28] 2025/11/27 21:52:53
[Action-THINK-29] 2025/11/27 21:52:56
[Action-RECORD-30] 2025/11/27 21:52:59
[Action-REFLECT-31] 2025/11/27 21:53:02
[Action-REFLECT-1] 2025/11/27 21:53:29
[Action-CORRECT-2] 2025/11/27 21:53:32
[Action-SYNC-3] 2025/11/27 21:53:35
[Action-REFLECT-1] 2025/11/28 2:44:36
[Action-CORRECT-2] 2025/11/28 2:44:39
[Action-REFLECT-1] 2025/11/28 9:02:45
[Action-CORRECT-2] 2025/11/28 9:02:48
[Action-SYNC-3] 2025/11/28 9:02:51
[Action-THINK-4] 2025/11/28 9:02:54
[Action-REFLECT-1] 2025/11/28 9:03:23
[Action-REFLECT-1] 2025/11/28 9:04:43
[Action-CORRECT-2] 2025/11/28 9:04:46
