[Rescue] Heartbeat 20s safety monitor active.
✅ Heartbeat Bank launched (20s interval, auto-compress).
✅ Discussion Log monitor active (auto 30s summaries).
[auto_compress_manager] active (30s interval)
✅ Output Change History active (auto-compress + manifest).
✅ DiscussionLog ready — use recordDialogue(topic) to log new ideas.
✅ DiscussionLog ready — use recordDialogue(topic) to log new ideas.
✅ DiscussionLog ready — use recordDialogue(topic) to log new ideas.
✅ DiscussionLog ready — use recordDialogue(topic) to log new ideas.
✅ DiscussionLog ready — use recordDialogue(topic) to log new ideas.
✅ DiscussionLog ready — use recordDialogue(topic) to log new ideas.
✅ DiscussionLog ready — use recordDialogue(topic) to log new ideas.
✅ DiscussionLog ready — use recordDialogue(topic) to log new ideas.
✅ DiscussionLog ready — use recordDialogue(topic) to log new ideas.
✅ DiscussionLog ready — use recordDialogue(topic) to log new ideas.
✅ DiscussionLog ready — use recordDialogue(topic) to log new ideas.
✅ DiscussionLog ready — use recordDialogue(topic) to log new ideas.
✅ DiscussionLog ready — use recordDialogue(topic) to log new ideas.
✅ DiscussionLog ready — use recordDialogue(topic) to log new ideas.
✅ DiscussionLog ready — use recordDialogue(topic) to log new ideas.
✅ DiscussionLog ready — use recordDialogue(topic) to log new ideas.
