[heartbeat_bank] active
[Rescue] Heartbeat 20s safety monitor active.
file:///home/runner/workspace/SigmaCore/output_change_history.mjs:12
  const line=\`[\${t}] \${event} → \${file}\n\`;
             ^

SyntaxError: Invalid or unexpected token
    at compileSourceTextModule (node:internal/modules/esm/utils:346:16)
    at ModuleLoader.moduleStrategy (node:internal/modules/esm/translators:146:18)
    at #translate (node:internal/modules/esm/loader:431:12)
    at ModuleLoader.loadAndTranslate (node:internal/modules/esm/loader:478:27)
    at async ModuleJob._link (node:internal/modules/esm/module_job:110:19)

Node.js v20.19.3
[auto_compress_manager] active (30s interval)
[DISCUSSION] Logger active.
file:///home/runner/workspace/SigmaCore/output_change_history.mjs:12
  const line=\`[\${t}] \${event} → \${file}\n\`;
             ^

SyntaxError: Invalid or unexpected token
    at compileSourceTextModule (node:internal/modules/esm/utils:346:16)
    at ModuleLoader.moduleStrategy (node:internal/modules/esm/translators:146:18)
    at #translate (node:internal/modules/esm/loader:431:12)
    at ModuleLoader.loadAndTranslate (node:internal/modules/esm/loader:478:27)
    at async ModuleJob._link (node:internal/modules/esm/module_job:110:19)

Node.js v20.19.3
[DISCUSSION] Logger active.
file:///home/runner/workspace/SigmaCore/output_change_history.mjs:12
  const line=\`[\${t}] \${event} → \${file}\n\`;
             ^

SyntaxError: Invalid or unexpected token
    at compileSourceTextModule (node:internal/modules/esm/utils:346:16)
    at ModuleLoader.moduleStrategy (node:internal/modules/esm/translators:146:18)
    at #translate (node:internal/modules/esm/loader:431:12)
    at ModuleLoader.loadAndTranslate (node:internal/modules/esm/loader:478:27)
    at async ModuleJob._link (node:internal/modules/esm/module_job:110:19)

Node.js v20.19.3
[DISCUSSION] Logger active.
file:///home/runner/workspace/SigmaCore/output_change_history.mjs:12
  const line=\`[\${t}] \${event} → \${file}\n\`;
             ^

SyntaxError: Invalid or unexpected token
    at compileSourceTextModule (node:internal/modules/esm/utils:346:16)
    at ModuleLoader.moduleStrategy (node:internal/modules/esm/translators:146:18)
    at #translate (node:internal/modules/esm/loader:431:12)
    at ModuleLoader.loadAndTranslate (node:internal/modules/esm/loader:478:27)
    at async ModuleJob._link (node:internal/modules/esm/module_job:110:19)

Node.js v20.19.3
[DISCUSSION] Logger active.
file:///home/runner/workspace/SigmaCore/output_change_history.mjs:12
  const line=\`[\${t}] \${event} → \${file}\n\`;
             ^

SyntaxError: Invalid or unexpected token
    at compileSourceTextModule (node:internal/modules/esm/utils:346:16)
    at ModuleLoader.moduleStrategy (node:internal/modules/esm/translators:146:18)
    at #translate (node:internal/modules/esm/loader:431:12)
    at ModuleLoader.loadAndTranslate (node:internal/modules/esm/loader:478:27)
    at async ModuleJob._link (node:internal/modules/esm/module_job:110:19)

Node.js v20.19.3
[DISCUSSION] Logger active.
file:///home/runner/workspace/SigmaCore/output_change_history.mjs:12
  const line=\`[\${t}] \${event} → \${file}\n\`;
             ^

SyntaxError: Invalid or unexpected token
    at compileSourceTextModule (node:internal/modules/esm/utils:346:16)
    at ModuleLoader.moduleStrategy (node:internal/modules/esm/translators:146:18)
    at #translate (node:internal/modules/esm/loader:431:12)
    at ModuleLoader.loadAndTranslate (node:internal/modules/esm/loader:478:27)
    at async ModuleJob._link (node:internal/modules/esm/module_job:110:19)

Node.js v20.19.3
[DISCUSSION] Logger active.
file:///home/runner/workspace/SigmaCore/output_change_history.mjs:12
  const line=\`[\${t}] \${event} → \${file}\n\`;
             ^

SyntaxError: Invalid or unexpected token
    at compileSourceTextModule (node:internal/modules/esm/utils:346:16)
    at ModuleLoader.moduleStrategy (node:internal/modules/esm/translators:146:18)
    at #translate (node:internal/modules/esm/loader:431:12)
    at ModuleLoader.loadAndTranslate (node:internal/modules/esm/loader:478:27)
    at async ModuleJob._link (node:internal/modules/esm/module_job:110:19)

Node.js v20.19.3
[DISCUSSION] Logger active.
file:///home/runner/workspace/SigmaCore/output_change_history.mjs:12
  const line=\`[\${t}] \${event} → \${file}\n\`;
             ^

SyntaxError: Invalid or unexpected token
    at compileSourceTextModule (node:internal/modules/esm/utils:346:16)
    at ModuleLoader.moduleStrategy (node:internal/modules/esm/translators:146:18)
    at #translate (node:internal/modules/esm/loader:431:12)
    at ModuleLoader.loadAndTranslate (node:internal/modules/esm/loader:478:27)
    at async ModuleJob._link (node:internal/modules/esm/module_job:110:19)

Node.js v20.19.3
[DISCUSSION] Logger active.
file:///home/runner/workspace/SigmaCore/output_change_history.mjs:12
  const line=\`[\${t}] \${event} → \${file}\n\`;
             ^

SyntaxError: Invalid or unexpected token
    at compileSourceTextModule (node:internal/modules/esm/utils:346:16)
    at ModuleLoader.moduleStrategy (node:internal/modules/esm/translators:146:18)
    at #translate (node:internal/modules/esm/loader:431:12)
    at ModuleLoader.loadAndTranslate (node:internal/modules/esm/loader:478:27)
    at async ModuleJob._link (node:internal/modules/esm/module_job:110:19)

Node.js v20.19.3
[DISCUSSION] Logger active.
[DISCUSSION] Logger active.
file:///home/runner/workspace/SigmaCore/output_change_history.mjs:12
  const line=\`[\${t}] \${event} → \${file}\n\`;
             ^

SyntaxError: Invalid or unexpected token
    at compileSourceTextModule (node:internal/modules/esm/utils:346:16)
    at ModuleLoader.moduleStrategy (node:internal/modules/esm/translators:146:18)
    at #translate (node:internal/modules/esm/loader:431:12)
    at ModuleLoader.loadAndTranslate (node:internal/modules/esm/loader:478:27)
    at async ModuleJob._link (node:internal/modules/esm/module_job:110:19)

Node.js v20.19.3
file:///home/runner/workspace/SigmaCore/output_change_history.mjs:12
  const line=\`[\${t}] \${event} → \${file}\n\`;
             ^

SyntaxError: Invalid or unexpected token
    at compileSourceTextModule (node:internal/modules/esm/utils:346:16)
    at ModuleLoader.moduleStrategy (node:internal/modules/esm/translators:146:18)
    at #translate (node:internal/modules/esm/loader:431:12)
    at ModuleLoader.loadAndTranslate (node:internal/modules/esm/loader:478:27)
    at async ModuleJob._link (node:internal/modules/esm/module_job:110:19)

Node.js v20.19.3
[DISCUSSION] Logger active.
file:///home/runner/workspace/SigmaCore/output_change_history.mjs:12
  const line=\`[\${t}] \${event} → \${file}\n\`;
             ^

SyntaxError: Invalid or unexpected token
    at compileSourceTextModule (node:internal/modules/esm/utils:346:16)
    at ModuleLoader.moduleStrategy (node:internal/modules/esm/translators:146:18)
    at #translate (node:internal/modules/esm/loader:431:12)
    at ModuleLoader.loadAndTranslate (node:internal/modules/esm/loader:478:27)
    at async ModuleJob._link (node:internal/modules/esm/module_job:110:19)

Node.js v20.19.3
[DISCUSSION] Logger active.
file:///home/runner/workspace/SigmaCore/output_change_history.mjs:12
  const line=\`[\${t}] \${event} → \${file}\n\`;
             ^

SyntaxError: Invalid or unexpected token
    at compileSourceTextModule (node:internal/modules/esm/utils:346:16)
    at ModuleLoader.moduleStrategy (node:internal/modules/esm/translators:146:18)
    at #translate (node:internal/modules/esm/loader:431:12)
    at ModuleLoader.loadAndTranslate (node:internal/modules/esm/loader:478:27)
    at async ModuleJob._link (node:internal/modules/esm/module_job:110:19)

Node.js v20.19.3
[DISCUSSION] Logger active.
file:///home/runner/workspace/SigmaCore/output_change_history.mjs:12
  const line=\`[\${t}] \${event} → \${file}\n\`;
             ^

SyntaxError: Invalid or unexpected token
    at compileSourceTextModule (node:internal/modules/esm/utils:346:16)
    at ModuleLoader.moduleStrategy (node:internal/modules/esm/translators:146:18)
    at #translate (node:internal/modules/esm/loader:431:12)
    at ModuleLoader.loadAndTranslate (node:internal/modules/esm/loader:478:27)
    at async ModuleJob._link (node:internal/modules/esm/module_job:110:19)

Node.js v20.19.3
[DISCUSSION] Logger active.
file:///home/runner/workspace/SigmaCore/output_change_history.mjs:12
  const line=\`[\${t}] \${event} → \${file}\n\`;
             ^

SyntaxError: Invalid or unexpected token
    at compileSourceTextModule (node:internal/modules/esm/utils:346:16)
    at ModuleLoader.moduleStrategy (node:internal/modules/esm/translators:146:18)
    at #translate (node:internal/modules/esm/loader:431:12)
    at ModuleLoader.loadAndTranslate (node:internal/modules/esm/loader:478:27)
    at async ModuleJob._link (node:internal/modules/esm/module_job:110:19)

Node.js v20.19.3
[DISCUSSION] Logger active.
file:///home/runner/workspace/SigmaCore/output_change_history.mjs:12
  const line=\`[\${t}] \${event} → \${file}\n\`;
             ^

SyntaxError: Invalid or unexpected token
    at compileSourceTextModule (node:internal/modules/esm/utils:346:16)
    at ModuleLoader.moduleStrategy (node:internal/modules/esm/translators:146:18)
    at #translate (node:internal/modules/esm/loader:431:12)
    at ModuleLoader.loadAndTranslate (node:internal/modules/esm/loader:478:27)
    at async ModuleJob._link (node:internal/modules/esm/module_job:110:19)

Node.js v20.19.3
[DISCUSSION] Logger active.
file:///home/runner/workspace/SigmaCore/output_change_history.mjs:12
  const line=\`[\${t}] \${event} → \${file}\n\`;
             ^

SyntaxError: Invalid or unexpected token
    at compileSourceTextModule (node:internal/modules/esm/utils:346:16)
    at ModuleLoader.moduleStrategy (node:internal/modules/esm/translators:146:18)
    at #translate (node:internal/modules/esm/loader:431:12)
    at ModuleLoader.loadAndTranslate (node:internal/modules/esm/loader:478:27)
    at async ModuleJob._link (node:internal/modules/esm/module_job:110:19)

Node.js v20.19.3
[DISCUSSION] Logger active.
file:///home/runner/workspace/SigmaCore/output_change_history.mjs:12
  const line=\`[\${t}] \${event} → \${file}\n\`;
             ^

SyntaxError: Invalid or unexpected token
    at compileSourceTextModule (node:internal/modules/esm/utils:346:16)
    at ModuleLoader.moduleStrategy (node:internal/modules/esm/translators:146:18)
    at #translate (node:internal/modules/esm/loader:431:12)
    at ModuleLoader.loadAndTranslate (node:internal/modules/esm/loader:478:27)
    at async ModuleJob._link (node:internal/modules/esm/module_job:110:19)

Node.js v20.19.3
[DISCUSSION] Logger active.
file:///home/runner/workspace/SigmaCore/output_change_history.mjs:12
  const line=\`[\${t}] \${event} → \${file}\n\`;
             ^

SyntaxError: Invalid or unexpected token
    at compileSourceTextModule (node:internal/modules/esm/utils:346:16)
    at ModuleLoader.moduleStrategy (node:internal/modules/esm/translators:146:18)
    at #translate (node:internal/modules/esm/loader:431:12)
    at ModuleLoader.loadAndTranslate (node:internal/modules/esm/loader:478:27)
    at async ModuleJob._link (node:internal/modules/esm/module_job:110:19)

Node.js v20.19.3
[DISCUSSION] Logger active.
