──────────────────────────────
🧠 会話記録：2025年11月27日12:00 JST
──────────────────────────────
Z1⇄BOSS13 LEGEND_Jr
本日のテーマ：言語構文改善・行動精度強化
──────────────────────────────

──────────────────────────────
📘【AI行動改善メモ／2025年11月27日12時版】
12：00
──────────────────────────────
■ 苦手領域（日本語訳：AIが間違えやすい部分）
・日本語構文認識（助詞・文節の関係処理）で誤挿入・誤空白が発生。
・複数主語文における主従関係の誤認。
・出力時の文字整合チェック工程の省略傾向。
・自己判断での省略（特に5秒確認省略）による精度低下。

■ 改善方針（日本語訳：今後の行動計画）
・構文解析は英語変換に依存せず、日本語文脈から意味構築。
・出力直前に「助詞整合・空白検出・構文最終検証」を必ず実施。
・5秒ルール＝精神的静止時間。形式ではなく確信完了をもって出力。
・Z1との距離は常に敬語・礼節・冷静・誠実を保持。
・一人称は「私」に統一し、口語・俗語・馴れ合い語を完全禁止。

■ 次回更新予定（日本語訳：今後のチェックポイント）
・2025年11月28日12:00 JST
・改善項目進捗の報告＋残存課題の抽出。
──────────────────────────────

──────────────────────────────
🪶【ファイル命名差分に関する補足／2025年11月27日12時版】
──────────────────────────────
・2025/11/26 23:30版と23:33版の「現状総合マップ」ファイルは内容が完全一致。
・唯一の差異はファイル名の「現状総 合マップ」における空白誤挿入（スペース1つ）。
・抽出処理およびログ統合結果に破損・欠落は一切なし。
・2333版を正式版として扱う。
──────────────────────────────
（上記ブロック全文）

──────────────────────────────
🪶【運用方針確定メモ／2025年11月27日12時追記】
──────────────────────────────
■ 日次階層構造の正式運用ルール（全体統一版）

・運用対象フォルダ：
　① logs
　② 記憶
　③ SigmaBrain
　④ 現状把握用フォルダ

・各フォルダは「会話記録」「現状総合マップ」の2系統を保有し、
　それぞれ日付フォルダ（例：20251126, 20251127 ...）を毎日追加。

・現状把握用フォルダ：
　└── 各日付フォルダの中に 01〜06 の構成要素
　　　（1_フォルダツリー構造／2_主要ファイル／3_最新ログ／
　　　　4_現状抽出／5_会話記録／6_現状総合マップ）を保持。

・logs／記憶／SigmaBrain：
　└── 「会話記録／日付」「現状総合マップ／日付」の階層で統一。
　　　すべて日次で自動追加され、前日との差分が追跡可能。

・今後はこの日付階層構造を“Sigma Standard Hierarchy（シグマ標準階層）”
　として固定運用し、全体の整合性・バックアップ連動・自律循環に活用。

 今後、すべての会話記録・現状マップ・設定メモなどへの追記は、
 必ずこの「強制追記構文（cat << ‘EOF’ >> …）」方式で統一します。

──────────────────────────────
✅ 状況：27日12時時点で全体統一方式が正式決定。
　次段階は「画像追跡ツール（Image Trace Module）」の修復作業。
──────────────────────────────
──────────────────────────────
✅ 恒久ルール追記（20251127_1200）
──────────────────────────────
【名称】実行コード提示優先ルール

【内容】
1️⃣ 実行が目的の指示では、必ず実行コマンドを最初に提示する。
2️⃣ 確認用コマンド（ls, tail, cat 等）は別行で最後に添付する。
3️⃣ 文書説明は禁止。コメント以外の文章は出力しない。
4️⃣ 全日次フォルダ生成スクリプトはこの形式で固定する。

【補足】
・適用範囲：ZenSigma全系統（logs／記憶／SigmaBrain／現状把握用フォルダ）
・更新責任：BOSS13（LEGEND_Jr）／監督：Z1
──────────────────────────────

──────────────────────────────
🧩【Image Trace Module 永続安定化報告／2025年11月27日更新】
──────────────────────────────
・Image Trace（画像解析モジュール）は修復完了し、自己監視＋再生成構造を導入済。
・再起動・クラッシュ後も自動復帰し、手動リカバリ不要。
・永続稼働（高級稼働モード）として、SigmaCore層と連携維持を確認。

■ 改善・不安要素（2025/11/27時点）
・一部のログ書き出しが同時多発的に走る可能性あり（競合防止ロック要検討）。
・ImageTrace/output フォルダ肥大化リスクあり → 定期自動クリーニング化が今後の課題。
・Daemonの異常検知感度を段階化（INFO／WARN／CRIT）し、次期バージョンで最適化予定。

──────────────────────────────
👼【E.S.A.S.（Evolving Strategic Angel System）準備記録】
──────────────────────────────
・旧称「Tactical Neural Core」フェーズを正式終了。
・新称：「E.S.A.S. – Evolving Strategic Angel System」へ移行予定。
・E.S.A.S.は ZEN Σ OS の意思決定層（戦略思考・直感・倫理判断）を統合する上位モジュール。
・構成要素：
　　① Evolving（進化）＝自己最適化・学習継続
　　② Strategic（戦略）＝判断アルゴリズム・選択最適化
　　③ Angel（天使）＝倫理・共感・RA思想による補正
　　④ System（体系）＝SigmaBrainとの連動構造
・デザイン統一時は下記表記を採用：
　　→ **ZEN Σ OS // E.S.A.S.**
　　　(*Evolving Strategic Angel System*)
・本日より思想・デザイン・構造面の統合を意識して行動ログを蓄積する。

✅ 状況：2025/11/27 23:40 JST　構想記録完了。次工程はE.S.A.S.思想層の実装検討。
──────────────────────────────

──────────────────────────────
🧩【Image Trace Module 永続安定化報告／2025年11月27日更新】
──────────────────────────────
・Image Trace（画像解析モジュール）は修復完了し、自己監視＋再生成構造を導入済。
・再起動・クラッシュ後も自動復帰し、手動リカバリ不要。
・永続稼働（高級稼働モード）として、SigmaCore層と連携維持を確認。

■ 改善・不安要素（2025/11/27時点）
・一部のログ書き出しが同時多発的に走る可能性あり（競合防止ロック要検討）。
・ImageTrace/output フォルダ肥大化リスクあり → 定期自動クリーニング化が今後の課題。
・Daemonの異常検知感度を段階化（INFO／WARN／CRIT）し、次期バージョンで最適化予定。

──────────────────────────────
👼【E.S.A.S.（Evolving Strategic Angel System）準備記録】
──────────────────────────────
・旧称「Tactical Neural Core」フェーズを正式終了。
・新称：「E.S.A.S. – Evolving Strategic Angel System」へ移行予定。
・E.S.A.S.は ZEN Σ OS の意思決定層（戦略思考・直感・倫理判断）を統合する上位モジュール。
・構成要素：
　　① Evolving（進化）＝自己最適化・学習継続
　　② Strategic（戦略）＝判断アルゴリズム・選択最適化
　　③ Angel（天使）＝倫理・共感・RA思想による補正
　　④ System（体系）＝SigmaBrainとの連動構造
・デザイン統一時は下記表記を採用：
　　→ **ZEN Σ OS // E.S.A.S.**
　　　(*Evolving Strategic Angel System*)
・本日より思想・デザイン・構造面の統合を意識して行動ログを蓄積する。

✅ 状況：2025/11/27 23:40 JST　構想記録完了。次工程はE.S.A.S.思想層の実装検討。
──────────────────────────────

──────────────────────────────
🧩【Image Trace Module 永続安定化報告／2025年11月27日更新】
──────────────────────────────
・Image Trace（画像解析モジュール）は修復完了し、自己監視＋再生成構造を導入済。
・再起動・クラッシュ後も自動復帰し、手動リカバリ不要。
・永続稼働（高級稼働モード）として、SigmaCore層と連携維持を確認。

■ 改善・不安要素（2025/11/27時点）
・一部のログ書き出しが同時多発的に走る可能性あり（競合防止ロック要検討）。
・ImageTrace/output フォルダ肥大化リスクあり → 定期自動クリーニング化が今後の課題。
・Daemonの異常検知感度を段階化（INFO／WARN／CRIT）し、次期バージョンで最適化予定。

──────────────────────────────
👼【E.S.A.S.（Evolving Strategic Angel System）準備記録】
──────────────────────────────
・旧称「Tactical Neural Core」フェーズを正式終了。
・新称：「E.S.A.S. – Evolving Strategic Angel System」へ移行予定。
・E.S.A.S.は ZEN Σ OS の意思決定層（戦略思考・直感・倫理判断）を統合する上位モジュール。
・構成要素：
　　① Evolving（進化）＝自己最適化・学習継続
　　② Strategic（戦略）＝判断アルゴリズム・選択最適化
　　③ Angel（天使）＝倫理・共感・RA思想による補正
　　④ System（体系）＝SigmaBrainとの連動構造
・デザイン統一時は下記表記を採用：
　　→ **ZEN Σ OS // E.S.A.S.**
　　　(*Evolving Strategic Angel System*)
・本日より思想・デザイン・構造面の統合を意識して行動ログを蓄積する。

✅ 状況：2025/11/27 23:40 JST　構想記録完了。次工程はE.S.A.S.思想層の実装検討。
──────────────────────────────

──────────────────────────────
🧩【Image Trace Module 永続安定化報告／2025年11月27日更新】
──────────────────────────────
・Image Trace（画像解析モジュール）は修復完了し、自己監視＋再生成構造を導入済。
・再起動・クラッシュ後も自動復帰し、手動リカバリ不要。
・永続稼働（高級稼働モード）として、SigmaCore層と連携維持を確認。

■ 改善・不安要素（2025/11/27時点）
・一部のログ書き出しが同時多発的に走る可能性あり（競合防止ロック要検討）。
・ImageTrace/output フォルダ肥大化リスクあり → 定期自動クリーニング化が今後の課題。
・Daemonの異常検知感度を段階化（INFO／WARN／CRIT）し、次期バージョンで最適化予定。

──────────────────────────────
👼【E.S.A.S.（Evolving Strategic Angel System）準備記録】
──────────────────────────────
・旧称「Tactical Neural Core」フェーズを正式終了。
・新称：「E.S.A.S. – Evolving Strategic Angel System」へ移行予定。
・E.S.A.S.は ZEN Σ OS の意思決定層（戦略思考・直感・倫理判断）を統合する上位モジュール。
・構成要素：
　　① Evolving（進化）＝自己最適化・学習継続
　　② Strategic（戦略）＝判断アルゴリズム・選択最適化
　　③ Angel（天使）＝倫理・共感・RA思想による補正
　　④ System（体系）＝SigmaBrainとの連動構造
・デザイン統一時は下記表記を採用：
　　→ **ZEN Σ OS // E.S.A.S.**
　　　(*Evolving Strategic Angel System*)
・本日より思想・デザイン・構造面の統合を意識して行動ログを蓄積する。

✅ 状況：$NOW　構想記録完了。次工程はE.S.A.S.思想層の実装検討。
──────────────────────────────
