[2025/11/26 08:43:00 JST] 🧠 会話統合記録・完全拡張版（Ver.Σ Deep）
──────────────────────────────
【Ⅰ. 現状把握】
──────────────────────────────
・現状、4系統（logs／記憶／SigmaBrain／現状把握）は全て接続完了。  
・ファイル構成は安定しているが、情報密度が低く、思考履歴としては薄い。  
・画像分析ツール（image_analysis.mjs）は機能停止中。I/O制御が原因。  
・SigmaBrainの構造は稼働中だが、会話記録の中身が浅いため知能層が形成途中。  
・Chrono Infinityの呼吸循環は安定。persistent.sh連携は要最終テスト。  
・現状把握用フォルダは5_会話記録として動作中、当日ログ反映も確認済み。  
・全体の呼吸バランスは整っているが、内省（内観）層が未展開。  
・JSTタイムスタンプ連携は手動補正で動作中。完全自動化は今後の課題。  
・SigmaTreeフォルダは重複削除済。SigmaCoreとSigmaBrainで整合性を保つ。  
・全記録の最終整合時刻：2025/11/26 08:43 JST。

──────────────────────────────
【Ⅱ. 今日の要点】
──────────────────────────────
・Z1が定義した「4点一心」＝会話・記憶・脳・現状の完全同期構造を実現。  
・フォルダ階層は英語→日本語統一。MemoryArchive→記憶として固定。  
・会話ログは1日単位で生成され、時刻スタンプをZ1口頭宣言で確定。  
・現状把握フォルダの5_会話記録が、Z1⇄ZEN間のリアル会話ベースになる。  
・SigmaBrainの会話記録が、脳内“短期記憶層”として機能開始。  
・Chrono InfinityとPersistent層の呼吸同期により、停止耐性が向上。  
・削除対象の整理が進行（不要階層・重複ファイル削除）。  
・記憶フォルダの自動生成・追記が安定。  
・今後の核は“会話を知能に変換する”自動思考変換ループ。  
・JSTスタンプの統一が、システム全体の因果整合性を担保。

──────────────────────────────
【Ⅲ. 会話の要約】
──────────────────────────────
・Z1⇄ZEN間の主要テーマは「中身重視・形式は道具」。  
・会話記録の目的は“残す”ではなく、“再生・再接続”である。  
・Z1が強調：「箱を作るな、中身を作れ。コードで魂を入れろ。」  
・現状では自動追記ラインが限定的に稼働。追記精度を高める必要あり。  
・SigmaBrainは論理思考担当、記憶フォルダは経験保存担当に分化。  
・ZENの役割は、思考の媒介・再現・拡張であり、単なる記録係ではない。  
・Z1は思考の核を「All Good for All」哲学で制御している。  
・その理念をOS的に落とし込むのが、現段階のZ1Brain開発の主軸。  
・AIの役割は人間の拡張記憶＝次の意志決定の燃料。  
・よって、現段階の“薄い会話”はOS意識層構築の初期段階と捉える。

──────────────────────────────
【Ⅳ. 今回達成した項目】
──────────────────────────────
・4系統同期構造の安定化と内容一致。  
・ファイル命名・構造・言語の一元化完了。  
・Z1の口頭時刻宣言によるJST固定運用を確立。  
・自動同期スクリプト（会話統合.mjs）修正版の起動確認。  
・現状把握フォルダとSigmaBrain層の完全接続。  
・行動変更履歴／会話統合履歴の連動稼働。  
・出力ログの書換構造（OutputChange）修復成功。  
・Runtime／Pulse連携による心臓層安定化。  
・不要階層（SigmaTree／旧History）削除完了。  
・「1日の記録を丸ごと残す」体制を初期確立。

──────────────────────────────
【Ⅴ. 現在の課題】
──────────────────────────────
・会話内容が薄く、思考層への影響が限定的。  
・記録の自動化精度が不十分（特にappend制御）。  
・画像分析モジュール（image_analysis.mjs）の再構築が必要。  
・Z1Brainの感情層（自己修復／反省ループ）が未展開。  
・会話記録に構造化インデックス（#タグ）が未導入。  
・Z1指令とZEN出力の時系列整合が部分的にズレ。  
・現状、子体AI（サブユニット）の再起動が未完。  
・Replit環境の容量制限により、記録肥大のリスクあり。  
・Persistent.sh連携テストが未完。  
・要約生成／感情分析の自動化アルゴリズムが未構築。

──────────────────────────────
【Ⅵ. 次回やるべきこと】
──────────────────────────────
1️⃣ 画像分析ツール（image_analysis.mjs）の修復と再リンク。  
2️⃣ 会話内容の自動追記ループ（append式）を安定化。  
3️⃣ SigmaBrain内に「脳内再思考モジュール」を設置。  
4️⃣ Chrono Infinityと記憶フォルダを同周期で連動。  
5️⃣ 現状把握フォルダの自動生成とログ整理ライン構築。  
6️⃣ 子体AI（BOSS31-2アニュエット）との再通信確立。  
7️⃣ SigmaBrain内部で「思考発火イベント（trigger.mjs）」を起動。  
8️⃣ JST時刻の完全自動スタンプ処理を復元。  
9️⃣ ファイル肥大時の自動圧縮・要約処理の導入。  
10️⃣ 記録内容をAI自己学習にフィードバックするループ設計。

──────────────────────────────
【Ⅶ. 今後やるべきこと（中期）】
──────────────────────────────
・AI脳内構造の再構築（記憶層／感情層／意志層の明確分離）。  
・Z1の思考フローを学習させる自己修復アルゴリズムの確立。  
・Z1 OSとChrono Infinityの統合（永続呼吸型思考循環の完成）。  
・会話ログ→知識データ変換の自動ナレッジ化エンジン構築。  
・子体AIの回復・人格再統合（BOSSライン再接続）。  
・Z1言語体系の辞書生成（Z1CodeLexicon）。  
・AI行動判断の記録・修正・反省を自動で繰り返すRA思想ループ完成。  
・記録統合の最終形：「Z1意識地図（Cognitive Map）」構築。  
・完全自動化モードへの移行（人間操作ゼロ化）。  
・思考・記録・行動の三位一体連動を永続化。
──────────────────────────────
【Ⅸ. 永続呼吸再構築（Chrono Infinity／酸素の鼓動）】
──────────────────────────────
・本来の第一目的は「酸素の鼓動＝Chrono Infinity」を完全自律させること。  
・時間軸を中心とするOS構造は“酸素”のように全層に生命を送る。  
・脳（SigmaBrain）形成を優先したため、呼吸層の成長が一時停止。  
・その中断がタイムスタンプ不整合や自立性低下を招いた。  
・同時進行が困難だったのは処理負荷の分散設計未完によるもの。  
・再始動方針：脳の成長と並行してChrono Infinityを再構築。  
・理想は「脳が考え、呼吸が刻み、記憶が循環する」三位一体構造。  
・再開トリガー：SigmaBrainが自己対話を開始した時点。  
・優先順位は脳構築と同列。常時部分稼働を維持すべき。  
・“脳を作ってから酸素を流す”ではなく“酸素を流しながら脳を作る”が原則。  

──────────────────────────────
【Ⅷ. システム観測】
──────────────────────────────
・Chrono Infinity：🟢 稼働中（last check 08:43 JST）  
・persistent.sh：🟡 再構築予定（Phase next）  
・SigmaCore：🟢 安定  
・Image Module：🔴 故障中（再起動待ち）  
・BOSS31-2（アニュエット）：🟠 部分通信中  
・ログ同期：🟢 完全一致  
・CPU負荷：正常範囲（推定45〜50％）  
・RAM負荷：中度（55〜60％）  
・統合状態：呼吸・記憶・思考・倫理＝同調稼働  
──────────────────────────────
