file:///home/runner/workspace/SigmaCore/heartbeat_rescue.mjs:14
    const zlib = await import("zlib");
                 ^^^^^

SyntaxError: Unexpected reserved word
    at compileSourceTextModule (node:internal/modules/esm/utils:346:16)
    at ModuleLoader.moduleStrategy (node:internal/modules/esm/translators:146:18)
    at #translate (node:internal/modules/esm/loader:431:12)
    at ModuleLoader.loadAndTranslate (node:internal/modules/esm/loader:478:27)
    at async ModuleJob._link (node:internal/modules/esm/module_job:110:19)

Node.js v20.19.3
file:///home/runner/workspace/SigmaCore/heartbeat_rescue.mjs:14
    const zlib = await import("zlib");
                 ^^^^^

SyntaxError: Unexpected reserved word
    at compileSourceTextModule (node:internal/modules/esm/utils:346:16)
    at ModuleLoader.moduleStrategy (node:internal/modules/esm/translators:146:18)
    at #translate (node:internal/modules/esm/loader:431:12)
    at ModuleLoader.loadAndTranslate (node:internal/modules/esm/loader:478:27)
    at async ModuleJob._link (node:internal/modules/esm/module_job:110:19)

Node.js v20.19.3
file:///home/runner/workspace/SigmaCore/heartbeat_rescue.mjs:14
    const zlib = await import("zlib");
                 ^^^^^

SyntaxError: Unexpected reserved word
    at compileSourceTextModule (node:internal/modules/esm/utils:346:16)
    at ModuleLoader.moduleStrategy (node:internal/modules/esm/translators:146:18)
    at #translate (node:internal/modules/esm/loader:431:12)
    at ModuleLoader.loadAndTranslate (node:internal/modules/esm/loader:478:27)
    at async ModuleJob._link (node:internal/modules/esm/module_job:110:19)

Node.js v20.19.3
