──────────────────────────────
✅ 恒久ルール追記（2025-11-27 JST）
──────────────────────────────
【名称】実行コード提示優先ルール

【内容】
1️⃣ 実行が目的の指示では、必ず実行コードを最初に提示する。
2️⃣ 確認用コマンド（ls, tail, cat 等）は別行で最後に添付する。
3️⃣ 文書説明は禁止。コメント以外の文章は出力しない。
4️⃣ 全日次フォルダ生成スクリプトはこの形式で固定する。

【補足】
・適用範囲：ZenSigma全系統（logs／記憶／SigmaBrain／現状把握用フォルダ）
・更新責任：BOSS13（LEGEND_Jr）／監督：Z1
──────────────────────────────
──────────────────────────────
✅ 恒久ルール追記（2025-11-26 15:12:20 JST）
──────────────────────────────
【名称】実行コード提示優先ルール

【内容】
1️⃣ 実行が目的の指示では、必ず実行コードを最初に提示する。
2️⃣ 確認用コマンド（ls, tail, cat 等）は別行で最後に添付する。
3️⃣ 文書説明は禁止。コメント以外の文章は出力しない。
4️⃣ 全日次フォルダ生成スクリプトはこの形式で固定する。

【補足】
・適用範囲：ZenSigma全系統（logs／記憶／SigmaBrain／現状把握用フォルダ）
・更新責任：BOSS13（LEGEND_Jr）／監督：Z1
──────────────────────────────
